2021-12-03 15:34:33 - INFO - "GET / HTTP/1.1" 200 1219
2021-12-03 15:34:33 - INFO - "GET /static/style.css HTTP/1.1" 200 648
2021-12-03 16:34:44 - INFO - "GET / HTTP/1.1" 200 1219
2021-12-03 16:34:44 - INFO - "GET /static/style.css HTTP/1.1" 304 0
2021-12-03 16:34:44 - WARNING - "GET /todods HTTP/1.1" 404 1536
2021-12-03 16:34:44 - WARNING - "GET /todods HTTP/1.1" 404 1536
2021-12-03 16:34:44 - INFO - "GET /todos HTTP/1.1" 200 433
2021-12-03 16:34:44 - INFO - "GET /todos/1 HTTP/1.1" 200 147
2021-12-03 16:34:44 - INFO - "GET /todos/2 HTTP/1.1" 200 139
2021-12-03 16:34:44 - INFO - "GET /todos/3 HTTP/1.1" 200 141
2021-12-03 16:34:44 - INFO - "GET /todos HTTP/1.1" 200 433
2021-12-03 16:44:51 - INFO - "GET /todos HTTP/1.1" 200 433
2021-12-03 19:26:01 - INFO - "GET / HTTP/1.1" 200 1219
2021-12-03 19:26:01 - INFO - "GET /static/style.css HTTP/1.1" 304 0
2021-12-03 19:26:01 - INFO - "GET /todos HTTP/1.1" 200 433
2021-12-03 19:26:01 - ERROR - "DELETE /todos/3 HTTP/1.1" 500 59
2021-12-06 14:38:31 - INFO - "GET / HTTP/1.1" 200 1219
2021-12-06 14:38:31 - INFO - "GET /static/style.css HTTP/1.1" 200 648
2021-12-06 14:38:31 - INFO - "GET /todos HTTP/1.1" 200 433
2021-12-06 14:40:55 - INFO - "GET /todos HTTP/1.1" 200 433
2021-12-06 14:40:55 - INFO - "GET /todos HTTP/1.1" 200 433
2021-12-06 14:40:55 - INFO - "POST /todos HTTP/1.1" 200 135
2021-12-06 14:40:55 - INFO - "GET /todos HTTP/1.1" 200 570
2021-12-06 14:40:55 - INFO - "GET /todos/4 HTTP/1.1" 200 135
2021-12-06 14:40:55 - INFO - "GET /todos HTTP/1.1" 200 570
